TN:
SF:src/modules/appointments/services/CreateAppointmentService.ts
FN:12,(anonymous_18)
FN:13,CreateAppointmentService
FN:18,(anonymous_20)
FNF:3
FNH:3
FNDA:1,(anonymous_18)
FNDA:2,CreateAppointmentService
FNDA:3,(anonymous_20)
DA:1,1
DA:2,1
DA:3,1
DA:12,1
DA:15,2
DA:18,3
DA:19,3
DA:21,3
DA:25,3
DA:26,1
DA:29,2
DA:33,2
DA:35,1
DA:37,1
LF:14
LH:14
BRDA:25,0,0,1
BRDA:25,0,1,2
BRF:2
BRH:2
end_of_record
TN:
SF:src/modules/users/services/AuthenticateUserService.ts
FN:18,(anonymous_18)
FN:19,AuthenticateUserService
FN:26,(anonymous_20)
FNF:3
FNH:3
FNDA:1,(anonymous_18)
FNDA:3,AuthenticateUserService
FNDA:3,(anonymous_20)
DA:1,1
DA:2,1
DA:3,1
DA:4,1
DA:18,1
DA:21,3
DA:23,3
DA:26,3
DA:27,3
DA:28,3
DA:29,1
DA:31,2
DA:36,2
DA:37,1
DA:40,1
DA:44,1
DA:49,1
DA:51,1
LF:18
LH:18
BRDA:27,0,0,3
BRDA:28,1,0,1
BRDA:28,1,1,2
BRDA:36,2,0,1
BRDA:36,2,1,1
BRF:5
BRH:5
end_of_record
TN:
SF:src/modules/users/services/CreateUserService.ts
FN:13,(anonymous_18)
FN:14,CreateUserService
FN:21,(anonymous_20)
FNF:3
FNH:3
FNDA:2,(anonymous_18)
FNDA:5,CreateUserService
FNDA:5,(anonymous_20)
DA:1,2
DA:2,2
DA:13,2
DA:16,5
DA:18,5
DA:21,5
DA:22,5
DA:23,5
DA:24,1
DA:26,4
DA:28,4
DA:34,4
DA:36,2
DA:38,2
LF:14
LH:14
BRDA:22,0,0,5
BRDA:23,1,0,1
BRDA:23,1,1,4
BRF:3
BRH:3
end_of_record
TN:
SF:src/modules/users/services/ResetPasswordService.ts
FN:13,(anonymous_18)
FN:14,ResetPasswordService
FN:23,(anonymous_20)
FNF:3
FNH:3
FNDA:1,(anonymous_18)
FNDA:4,ResetPasswordService
FNDA:4,(anonymous_20)
DA:1,1
DA:2,1
DA:3,1
DA:13,1
DA:16,4
DA:18,4
DA:20,4
DA:23,4
DA:24,4
DA:25,4
DA:26,1
DA:28,3
DA:30,3
DA:31,1
DA:34,2
DA:35,2
DA:37,2
DA:38,1
DA:41,1
DA:43,2
DA:45,1
DA:47,1
LF:22
LH:22
BRDA:24,0,0,4
BRDA:25,1,0,1
BRDA:25,1,1,3
BRDA:30,2,0,1
BRDA:30,2,1,2
BRDA:37,3,0,1
BRDA:37,3,1,1
BRF:7
BRH:7
end_of_record
TN:
SF:src/modules/users/services/SendForgotPasswordEmailService.ts
FN:12,(anonymous_18)
FN:13,SendForgotPasswordEmailService
FN:22,(anonymous_20)
FNF:3
FNH:3
FNDA:1,(anonymous_18)
FNDA:3,SendForgotPasswordEmailService
FNDA:3,(anonymous_20)
DA:1,1
DA:2,1
DA:3,1
DA:12,1
DA:15,3
DA:17,3
DA:19,3
DA:22,3
DA:23,3
DA:24,3
DA:25,1
DA:28,2
DA:29,2
DA:35,4
DA:50,1
DA:52,1
LF:16
LH:16
BRDA:23,0,0,3
BRDA:24,1,0,1
BRDA:24,1,1,2
BRF:3
BRH:3
end_of_record
TN:
SF:src/modules/users/services/ShowProfileService.ts
FN:10,(anonymous_18)
FN:11,ShowProfileService
FN:15,(anonymous_20)
FNF:3
FNH:3
FNDA:1,(anonymous_18)
FNDA:2,ShowProfileService
FNDA:2,(anonymous_20)
DA:1,1
DA:2,1
DA:10,1
DA:12,2
DA:15,2
DA:16,2
DA:17,2
DA:18,1
DA:21,1
DA:23,1
DA:25,1
LF:11
LH:11
BRDA:16,0,0,2
BRDA:17,1,0,1
BRDA:17,1,1,1
BRF:3
BRH:3
end_of_record
TN:
SF:src/modules/users/services/UpdateProfileService.ts
FN:15,(anonymous_18)
FN:16,UpdateProfileService
FN:21,(anonymous_20)
FNF:3
FNH:3
FNDA:1,(anonymous_18)
FNDA:6,UpdateProfileService
FNDA:6,(anonymous_20)
DA:1,1
DA:2,1
DA:15,1
DA:17,6
DA:18,6
DA:21,1
DA:22,6
DA:23,6
DA:24,6
DA:25,6
DA:26,6
DA:28,6
DA:29,6
DA:30,1
DA:32,5
DA:34,5
DA:35,1
DA:37,4
DA:38,1
DA:42,3
DA:43,3
DA:44,4
DA:45,2
DA:49,2
DA:50,1
DA:52,1
DA:55,2
DA:57,1
DA:59,1
LF:29
LH:29
BRDA:28,0,0,6
BRDA:28,0,1,2
BRDA:29,1,0,1
BRDA:29,1,1,5
BRDA:34,2,0,1
BRDA:34,2,1,4
BRDA:34,3,0,5
BRDA:34,3,1,1
BRDA:37,4,0,1
BRDA:37,4,1,3
BRDA:37,5,0,4
BRDA:37,5,1,3
BRDA:44,6,0,1
BRDA:44,6,1,2
BRDA:44,7,0,3
BRDA:44,7,1,2
BRDA:49,8,0,1
BRDA:49,8,1,1
BRF:18
BRH:18
end_of_record
TN:
SF:src/modules/users/services/UpdateUserAvatarService.ts
FN:12,(anonymous_18)
FN:13,UpdateUserAvatarService
FN:18,(anonymous_20)
FNF:3
FNH:3
FNDA:1,(anonymous_18)
FNDA:3,UpdateUserAvatarService
FNDA:4,(anonymous_20)
DA:1,1
DA:2,1
DA:12,1
DA:14,3
DA:15,3
DA:18,4
DA:19,4
DA:20,4
DA:21,1
DA:23,5
DA:24,2
DA:26,3
DA:27,3
DA:29,6
DA:30,3
DA:32,1
DA:34,1
LF:17
LH:17
BRDA:19,0,0,4
BRDA:19,0,1,3
BRDA:20,1,0,1
BRDA:20,1,1,3
BRDA:23,2,0,2
BRDA:23,2,1,1
BRF:6
BRH:6
end_of_record
